[INFO ] 2022-12-17 19:55:00.774 [main] MyStoreV1 - url opened
[INFO ] 2022-12-17 19:57:45.526 [main] MyStoreV1 - url opened
[INFO ] 2022-12-17 20:03:33.292 [main] MyStoreV1 - url opened
[INFO ] 2022-12-17 21:17:02.926 [main] MyStoreV1 - url opened
[INFO ] 2022-12-17 21:18:47.427 [main] MyStoreV1 - url opened
[INFO ] 2022-12-17 21:19:41.204 [main] MyStoreV1 - url opened
[INFO ] 2022-12-18 12:13:14.712 [main] MyStoreV1 - url opened
[INFO ] 2022-12-18 12:21:28.909 [main] MyStoreV1 - url opened
[INFO ] 2022-12-24 11:11:49.081 [main] MyStoreV1 - url opened
[INFO ] 2023-01-19 19:06:52.963 [main] MyStoreV1 - url opened
[INFO ] 2023-01-19 19:09:20.548 [main] MyStoreV1 - url opened
[INFO ] 2023-01-19 19:43:48.275 [main] MyStoreV1 - url opened
[INFO ] 2023-01-19 19:45:30.336 [main] MyStoreV1 - url opened
[INFO ] 2023-01-19 20:14:25.560 [main] MyStoreV1 - url opened
[INFO ] 2023-01-19 20:33:46.634 [main] MyStoreV1 - url opened
[INFO ] 2023-01-28 10:55:13.496 [main] MyStoreV1 - url opened
[INFO ] 2023-01-28 10:57:29.139 [main] MyStoreV1 - url opened
[INFO ] 2023-01-28 10:57:29.417 [main] MyStoreV1 - Entered Username
[INFO ] 2023-01-28 10:57:29.548 [main] MyStoreV1 - Entered Password
[INFO ] 2023-01-28 10:57:29.702 [main] MyStoreV1 - Clicked on Login Button
[INFO ] 2023-02-04 10:42:36.487 [main] MyStoreV1 - url opened
[INFO ] 2023-02-04 10:42:37.208 [main] MyStoreV1 - Entered Username
[INFO ] 2023-02-04 10:42:37.390 [main] MyStoreV1 - Entered Password
[INFO ] 2023-02-04 10:42:37.548 [main] MyStoreV1 - Clicked on Login Button
[INFO ] 2023-02-04 11:07:25.275 [main] MyStoreV1 - url opened
[INFO ] 2023-02-04 11:07:57.335 [main] MyStoreV1 - Entered Username
[INFO ] 2023-02-04 11:07:57.823 [main] MyStoreV1 - Entered Password
[INFO ] 2023-02-04 11:07:58.513 [main] MyStoreV1 - Clicked on Login Button
[INFO ] 2023-02-04 11:09:53.903 [main] MyStoreV1 - url opened
[INFO ] 2023-02-04 11:10:25.290 [main] MyStoreV1 - Entered Username
[INFO ] 2023-02-04 11:10:42.959 [main] MyStoreV1 - Entered Password
[INFO ] 2023-02-04 11:10:54.794 [main] MyStoreV1 - Clicked on Login Button
[INFO ] 2023-02-05 12:42:58.605 [main] MyStoreV1 - url opened
[INFO ] 2023-02-05 12:42:59.748 [main] MyStoreV1 - Entered Username
[INFO ] 2023-02-05 12:42:59.887 [main] MyStoreV1 - Entered Password
[INFO ] 2023-02-05 12:43:00.281 [main] MyStoreV1 - Clicked on Login Button
[INFO ] 2023-02-05 12:43:30.391 [main] MyStoreV1 - url opened
[INFO ] 2023-02-05 12:43:30.649 [main] MyStoreV1 - Entered Username
[INFO ] 2023-02-05 12:43:30.822 [main] MyStoreV1 - Entered Password
[INFO ] 2023-02-05 12:43:31.086 [main] MyStoreV1 - Clicked on Login Button
[INFO ] 2023-02-16 15:38:38.401 [main] MyStoreV1 - url opened
[INFO ] 2023-02-16 15:38:39.858 [main] MyStoreV1 - Entered Username
[INFO ] 2023-02-16 15:38:40.041 [main] MyStoreV1 - Entered Password
[INFO ] 2023-02-16 15:38:40.380 [main] MyStoreV1 - Clicked on Login Button
[INFO ] 2023-02-16 19:23:08.938 [main] MyStoreV1 - url opened
[INFO ] 2023-02-16 19:23:10.137 [main] MyStoreV1 - Entered Username
[INFO ] 2023-02-16 19:23:10.262 [main] MyStoreV1 - Entered Password
[INFO ] 2023-02-16 19:23:10.499 [main] MyStoreV1 - Clicked on Login Button
[INFO ] 2023-02-16 19:23:27.699 [main] MyStoreV1 - url opened
[INFO ] 2023-02-16 19:23:27.857 [main] MyStoreV1 - Entered Username
[INFO ] 2023-02-16 19:23:27.972 [main] MyStoreV1 - Entered Password
[INFO ] 2023-02-16 19:23:28.130 [main] MyStoreV1 - Clicked on Login Button
[INFO ] 2023-02-18 17:31:28.769 [main] MyStoreV1 - url opened
[INFO ] 2023-02-18 17:31:29.873 [main] MyStoreV1 - Entered Username
[INFO ] 2023-02-18 17:31:30.055 [main] MyStoreV1 - Entered Password
[INFO ] 2023-02-18 17:31:30.521 [main] MyStoreV1 - Clicked on Login Button
[INFO ] 2023-02-19 16:09:35.136 [main] MyStoreV1 - url opened
[INFO ] 2023-02-19 16:09:35.501 [main] MyStoreV1 - Entered Username
[INFO ] 2023-02-19 16:09:35.624 [main] MyStoreV1 - Entered Password
[INFO ] 2023-02-19 16:09:35.830 [main] MyStoreV1 - Clicked on Login Button
[INFO ] 2023-02-20 10:29:55.963 [main] MyStoreV1 - url opened
[INFO ] 2023-02-20 10:29:56.321 [main] MyStoreV1 - Entered Username
[INFO ] 2023-02-20 10:29:56.447 [main] MyStoreV1 - Entered Password
[INFO ] 2023-02-20 10:29:56.599 [main] MyStoreV1 - Clicked on Login Button
[INFO ] 2023-02-23 12:26:32.551 [main] MyStoreV1 - url opened
[INFO ] 2023-02-23 12:26:33.396 [main] MyStoreV1 - Entered Username
[INFO ] 2023-02-23 12:26:33.580 [main] MyStoreV1 - Entered Password
[INFO ] 2023-02-23 12:26:33.833 [main] MyStoreV1 - Clicked on Login Button
[INFO ] 2023-02-25 11:10:21.232 [main] MyStoreV1 - url opened
[INFO ] 2023-02-25 11:10:21.565 [main] MyStoreV1 - Entered Username
[INFO ] 2023-02-25 11:10:21.686 [main] MyStoreV1 - Entered Password
[INFO ] 2023-02-25 11:10:21.922 [main] MyStoreV1 - Clicked on Login Button
[INFO ] 2023-03-17 10:55:22.232 [main] MyStoreV1 - url opened
[INFO ] 2023-03-17 10:55:22.984 [main] MyStoreV1 - Entered Username
[INFO ] 2023-03-17 10:55:23.098 [main] MyStoreV1 - Entered Password
[INFO ] 2023-03-17 10:55:23.447 [main] MyStoreV1 - Clicked on Login Button
[INFO ] 2023-03-17 11:00:05.504 [main] MyStoreV1 - url opened
[INFO ] 2023-03-17 11:00:05.872 [main] MyStoreV1 - Entered Username
[INFO ] 2023-03-17 11:00:06.005 [main] MyStoreV1 - Entered Password
[INFO ] 2023-03-17 11:00:06.167 [main] MyStoreV1 - Clicked on Login Button
[INFO ] 2023-03-17 21:26:13.117 [main] MyStoreV1 - url opened
[INFO ] 2023-03-17 21:26:14.332 [main] MyStoreV1 - Entered Username
[INFO ] 2023-03-17 21:26:14.626 [main] MyStoreV1 - Entered Password
[INFO ] 2023-03-17 21:26:15.776 [main] MyStoreV1 - Clicked on Login Button
[INFO ] 2023-03-18 10:46:46.465 [main] MyStoreV1 - url opened
[INFO ] 2023-03-18 10:46:47.800 [main] MyStoreV1 - Entered Username
[INFO ] 2023-03-18 10:46:47.933 [main] MyStoreV1 - Entered Password
[INFO ] 2023-03-18 10:46:48.409 [main] MyStoreV1 - Clicked on Login Button
[INFO ] 2023-03-18 14:28:24.194 [main] MyStoreV1 - url opened
[INFO ] 2023-03-18 14:28:25.919 [main] MyStoreV1 - Entered Username
[INFO ] 2023-03-18 14:28:26.050 [main] MyStoreV1 - Entered Password
[INFO ] 2023-03-18 14:28:26.243 [main] MyStoreV1 - Clicked on Login Button
[INFO ] 2023-03-18 14:31:06.558 [main] MyStoreV1 - url opened
[INFO ] 2023-03-18 14:31:06.742 [main] MyStoreV1 - Entered Username
[INFO ] 2023-03-18 14:31:06.912 [main] MyStoreV1 - Entered Password
[INFO ] 2023-03-18 14:31:07.083 [main] MyStoreV1 - Clicked on Login Button
[INFO ] 2023-03-20 10:11:00.679 [main] MyStoreV1 - url opened
[INFO ] 2023-03-20 10:11:01.727 [main] MyStoreV1 - Entered Username
[INFO ] 2023-03-20 10:11:01.842 [main] MyStoreV1 - Entered Password
[INFO ] 2023-03-20 10:11:02.163 [main] MyStoreV1 - Clicked on Login Button
[INFO ] 2023-03-21 11:27:33.081 [main] MyStoreV1 - url opened
[INFO ] 2023-03-21 11:27:33.900 [main] MyStoreV1 - Entered Username
[INFO ] 2023-03-21 11:27:34.010 [main] MyStoreV1 - Entered Password
[INFO ] 2023-03-21 11:27:34.282 [main] MyStoreV1 - Clicked on Login Button
[INFO ] 2023-03-22 11:16:39.814 [main] MyStoreV1 - url opened
[INFO ] 2023-03-22 11:16:40.603 [main] MyStoreV1 - Entered Username
[INFO ] 2023-03-22 11:16:40.721 [main] MyStoreV1 - Entered Password
[INFO ] 2023-03-22 11:16:40.901 [main] MyStoreV1 - Clicked on Login Button
[INFO ] 2023-03-23 09:44:27.688 [main] MyStoreV1 - url opened
[INFO ] 2023-03-23 09:44:28.384 [main] MyStoreV1 - Entered Username
[INFO ] 2023-03-23 09:44:28.504 [main] MyStoreV1 - Entered Password
[INFO ] 2023-03-23 09:44:29.071 [main] MyStoreV1 - Clicked on Login Button
[INFO ] 2023-03-24 19:27:08.269 [main] MyStoreV1 - url opened
[INFO ] 2023-03-24 19:27:09.052 [main] MyStoreV1 - Entered Username
[INFO ] 2023-03-24 19:27:09.178 [main] MyStoreV1 - Entered Password
[INFO ] 2023-03-24 19:27:09.488 [main] MyStoreV1 - Clicked on Login Button
[INFO ] 2023-03-25 09:08:51.933 [main] MyStoreV1 - url opened
[INFO ] 2023-03-25 09:08:53.020 [main] MyStoreV1 - Entered Username
[INFO ] 2023-03-25 09:08:53.157 [main] MyStoreV1 - Entered Password
[INFO ] 2023-03-25 09:08:54.076 [main] MyStoreV1 - Clicked on Login Button
[INFO ] 2023-04-02 11:28:33.969 [main] MyStoreV1 - url opened
[INFO ] 2023-04-02 11:28:34.712 [main] MyStoreV1 - Entered Username
[INFO ] 2023-04-02 11:28:34.833 [main] MyStoreV1 - Entered Password
[INFO ] 2023-04-02 11:28:35.136 [main] MyStoreV1 - Clicked on Login Button
[INFO ] 2023-04-05 10:20:11.445 [main] MyStoreV1 - url opened
[INFO ] 2023-04-05 10:20:11.744 [main] MyStoreV1 - Entered Username
[INFO ] 2023-04-05 10:20:11.862 [main] MyStoreV1 - Entered Password
[INFO ] 2023-04-05 10:20:12.639 [main] MyStoreV1 - Clicked on Login Button
[INFO ] 2023-04-05 20:50:46.597 [main] MyStoreV1 - url opened
[INFO ] 2023-04-05 20:50:47.915 [main] MyStoreV1 - Entered Username
[INFO ] 2023-04-05 20:50:48.049 [main] MyStoreV1 - Entered Password
[INFO ] 2023-04-05 20:50:48.631 [main] MyStoreV1 - Clicked on Login Button
[INFO ] 2023-04-05 20:52:28.673 [main] MyStoreV1 - url opened
[INFO ] 2023-04-05 20:52:28.874 [main] MyStoreV1 - Entered Username
[INFO ] 2023-04-05 20:52:29.001 [main] MyStoreV1 - Entered Password
[INFO ] 2023-04-05 20:52:29.160 [main] MyStoreV1 - Clicked on Login Button
[INFO ] 2023-04-05 20:52:38.711 [main] MyStoreV1 - YouTube url opened
[INFO ] 2023-04-05 20:52:39.585 [main] MyStoreV1 - Entered songname
[INFO ] 2023-04-05 20:56:49.849 [main] MyStoreV1 - url opened
[INFO ] 2023-04-05 20:56:50.029 [main] MyStoreV1 - Entered Username
[INFO ] 2023-04-05 20:56:50.156 [main] MyStoreV1 - Entered Password
[INFO ] 2023-04-05 20:56:50.308 [main] MyStoreV1 - Clicked on Login Button
[INFO ] 2023-04-05 20:56:58.296 [main] MyStoreV1 - YouTube url opened
[INFO ] 2023-04-05 20:56:58.743 [main] MyStoreV1 - Entered songname
[INFO ] 2023-04-05 20:56:59.117 [main] MyStoreV1 - Clicked on search button
[INFO ] 2023-04-05 21:01:08.452 [main] MyStoreV1 - url opened
[INFO ] 2023-04-05 21:01:08.638 [main] MyStoreV1 - Entered Username
[INFO ] 2023-04-05 21:01:08.764 [main] MyStoreV1 - Entered Password
[INFO ] 2023-04-05 21:01:08.927 [main] MyStoreV1 - Clicked on Login Button
[INFO ] 2023-04-05 21:01:17.611 [main] MyStoreV1 - YouTube url opened
[INFO ] 2023-04-05 21:01:18.495 [main] MyStoreV1 - Entered songname
[INFO ] 2023-04-05 21:01:19.030 [main] MyStoreV1 - Clicked on search button
[INFO ] 2023-04-05 21:01:20.747 [main] MyStoreV1 - clicked on song
[INFO ] 2023-04-05 21:02:42.238 [main] MyStoreV1 - url opened
[INFO ] 2023-04-05 21:02:42.446 [main] MyStoreV1 - Entered Username
[INFO ] 2023-04-05 21:02:42.567 [main] MyStoreV1 - Entered Password
[INFO ] 2023-04-05 21:02:42.730 [main] MyStoreV1 - Clicked on Login Button
[INFO ] 2023-04-05 21:02:52.897 [main] MyStoreV1 - YouTube url opened
[INFO ] 2023-04-05 21:02:53.449 [main] MyStoreV1 - Entered songname
[INFO ] 2023-04-05 21:02:53.787 [main] MyStoreV1 - Clicked on search button
[INFO ] 2023-04-05 21:02:56.643 [main] MyStoreV1 - clicked on song
[INFO ] 2023-04-05 21:07:27.815 [main] MyStoreV1 - url opened
[INFO ] 2023-04-05 21:07:27.987 [main] MyStoreV1 - Entered Username
[INFO ] 2023-04-05 21:07:28.122 [main] MyStoreV1 - Entered Password
[INFO ] 2023-04-05 21:07:28.340 [main] MyStoreV1 - Clicked on Login Button
[INFO ] 2023-04-05 21:07:37.389 [main] MyStoreV1 - YouTube url opened
[INFO ] 2023-04-05 21:07:37.932 [main] MyStoreV1 - Entered songname
[INFO ] 2023-04-05 21:07:38.772 [main] MyStoreV1 - Clicked on search button
[INFO ] 2023-04-05 21:07:40.352 [main] MyStoreV1 - clicked on song
[INFO ] 2023-04-06 09:59:06.127 [main] MyStoreV1 - url opened
[INFO ] 2023-04-06 09:59:06.605 [main] MyStoreV1 - Entered Username
[INFO ] 2023-04-06 09:59:06.726 [main] MyStoreV1 - Entered Password
[INFO ] 2023-04-06 09:59:06.962 [main] MyStoreV1 - Clicked on Login Button
[INFO ] 2023-04-06 09:59:15.451 [main] MyStoreV1 - YouTube url opened
[INFO ] 2023-04-06 09:59:16.674 [main] MyStoreV1 - Entered songname
[INFO ] 2023-04-06 09:59:16.890 [main] MyStoreV1 - Clicked on search button
[INFO ] 2023-04-06 09:59:20.981 [main] MyStoreV1 - clicked on song
[INFO ] 2023-04-06 09:59:53.330 [main] MyStoreV1 - url opened
[INFO ] 2023-04-06 09:59:53.505 [main] MyStoreV1 - Entered Username
[INFO ] 2023-04-06 09:59:53.621 [main] MyStoreV1 - Entered Password
[INFO ] 2023-04-06 09:59:53.772 [main] MyStoreV1 - Clicked on Login Button
[INFO ] 2023-04-06 10:00:03.428 [main] MyStoreV1 - YouTube url opened
[INFO ] 2023-04-06 10:00:04.417 [main] MyStoreV1 - Entered songname
[INFO ] 2023-04-06 10:00:05.075 [main] MyStoreV1 - Clicked on search button
[INFO ] 2023-04-06 10:00:07.349 [main] MyStoreV1 - clicked on song
[INFO ] 2023-04-07 09:13:55.415 [main] MyStoreV1 - url opened
[INFO ] 2023-04-07 09:13:56.182 [main] MyStoreV1 - Entered Username
[INFO ] 2023-04-07 09:13:56.323 [main] MyStoreV1 - Entered Password
[INFO ] 2023-04-07 09:13:56.769 [main] MyStoreV1 - Clicked on Login Button
[INFO ] 2023-04-07 09:14:06.540 [main] MyStoreV1 - YouTube url opened
[INFO ] 2023-04-07 09:14:07.859 [main] MyStoreV1 - Entered songname
[INFO ] 2023-04-07 09:14:08.069 [main] MyStoreV1 - Clicked on search button
[INFO ] 2023-04-07 09:14:10.587 [main] MyStoreV1 - clicked on song
[INFO ] 2023-04-07 15:29:50.499 [main] MyStoreV1 - url opened
[INFO ] 2023-04-07 15:29:51.921 [main] MyStoreV1 - Entered Username
[INFO ] 2023-04-07 15:29:52.078 [main] MyStoreV1 - Entered Password
[INFO ] 2023-04-07 15:29:52.642 [main] MyStoreV1 - Clicked on Login Button
[INFO ] 2023-04-07 15:30:23.058 [main] MyStoreV1 - YouTube url opened
[INFO ] 2023-04-07 15:30:23.315 [main] MyStoreV1 - Entered songname
[INFO ] 2023-04-07 15:30:26.599 [main] MyStoreV1 - Clicked on search button
[INFO ] 2023-04-07 15:30:30.836 [main] MyStoreV1 - clicked on song
[INFO ] 2023-04-07 19:51:25.847 [main] MyStoreV1 - url opened
[INFO ] 2023-04-07 19:53:02.873 [main] MyStoreV1 - YouTube url opened
[INFO ] 2023-04-07 19:53:03.248 [main] MyStoreV1 - Entered songname
[INFO ] 2023-04-07 19:53:03.429 [main] MyStoreV1 - Clicked on search button
[INFO ] 2023-04-07 19:53:10.342 [main] MyStoreV1 - clicked on song
[INFO ] 2023-04-07 20:07:26.032 [main] MyStoreV1 - url opened
[INFO ] 2023-04-07 20:07:26.263 [main] MyStoreV1 - Entered Username
[INFO ] 2023-04-07 20:07:26.388 [main] MyStoreV1 - Entered Password
[INFO ] 2023-04-07 20:07:26.545 [main] MyStoreV1 - Clicked on Login Button
[INFO ] 2023-04-07 20:07:44.119 [main] MyStoreV1 - YouTube url opened
[INFO ] 2023-04-07 20:07:44.931 [main] MyStoreV1 - Entered songname
[INFO ] 2023-04-07 20:07:45.123 [main] MyStoreV1 - Clicked on search button
[INFO ] 2023-04-07 20:07:47.767 [main] MyStoreV1 - clicked on song
[INFO ] 2023-04-07 20:07:57.793 [main] MyStoreV1 - Youtube method passed.
[INFO ] 2023-04-07 20:10:37.106 [main] MyStoreV1 - url opened
[INFO ] 2023-04-07 20:10:37.353 [main] MyStoreV1 - Entered Username
[INFO ] 2023-04-07 20:10:37.478 [main] MyStoreV1 - Entered Password
[INFO ] 2023-04-07 20:10:37.633 [main] MyStoreV1 - Clicked on Login Button
[INFO ] 2023-04-07 20:10:50.066 [main] MyStoreV1 - YouTube url opened
[INFO ] 2023-04-07 20:10:50.768 [main] MyStoreV1 - Entered songname
[INFO ] 2023-04-07 20:10:51.161 [main] MyStoreV1 - Clicked on search button
[INFO ] 2023-04-07 20:10:53.290 [main] MyStoreV1 - clicked on song
[INFO ] 2023-04-07 20:11:03.335 [main] MyStoreV1 - Youtube method failed.
[INFO ] 2023-04-07 20:41:19.632 [main] MyStoreV1 - url opened
[INFO ] 2023-04-07 20:41:19.833 [main] MyStoreV1 - Entered Username
[INFO ] 2023-04-07 20:41:19.968 [main] MyStoreV1 - Entered Password
[INFO ] 2023-04-07 20:41:20.133 [main] MyStoreV1 - Clicked on Login Button
[INFO ] 2023-04-07 20:41:44.479 [main] MyStoreV1 - YouTube url opened
[INFO ] 2023-04-07 20:41:45.118 [main] MyStoreV1 - Entered songname
[INFO ] 2023-04-07 20:41:45.217 [main] MyStoreV1 - Clicked on search button
[INFO ] 2023-04-08 09:28:18.191 [main] MyStoreV1 - url opened
[INFO ] 2023-04-08 09:28:19.196 [main] MyStoreV1 - Entered Username
[INFO ] 2023-04-08 09:28:19.329 [main] MyStoreV1 - Entered Password
[INFO ] 2023-04-08 09:28:20.097 [main] MyStoreV1 - Clicked on Login Button
[INFO ] 2023-04-08 09:28:36.898 [main] MyStoreV1 - YouTube url opened
[INFO ] 2023-04-08 09:28:37.262 [main] MyStoreV1 - Entered songname
[INFO ] 2023-04-08 09:28:37.523 [main] MyStoreV1 - Clicked on search button
[INFO ] 2023-04-08 09:34:22.363 [main] MyStoreV1 - url opened
[INFO ] 2023-04-08 09:34:22.546 [main] MyStoreV1 - Entered Username
[INFO ] 2023-04-08 09:34:22.665 [main] MyStoreV1 - Entered Password
[INFO ] 2023-04-08 09:34:22.813 [main] MyStoreV1 - Clicked on Login Button
[INFO ] 2023-04-08 09:34:49.695 [main] MyStoreV1 - YouTube url opened
[INFO ] 2023-04-08 09:34:50.275 [main] MyStoreV1 - Entered songname
[INFO ] 2023-04-08 09:34:50.523 [main] MyStoreV1 - Clicked on search button
[INFO ] 2023-04-08 09:36:12.629 [main] MyStoreV1 - url opened
[INFO ] 2023-04-08 09:36:12.831 [main] MyStoreV1 - Entered Username
[INFO ] 2023-04-08 09:36:12.940 [main] MyStoreV1 - Entered Password
[INFO ] 2023-04-08 09:36:13.087 [main] MyStoreV1 - Clicked on Login Button
[INFO ] 2023-04-08 09:36:24.187 [main] MyStoreV1 - YouTube url opened
[INFO ] 2023-04-08 09:36:34.484 [main] MyStoreV1 - Entered songname
[INFO ] 2023-04-08 09:36:34.672 [main] MyStoreV1 - Clicked on search button
[INFO ] 2023-04-08 09:36:36.697 [main] MyStoreV1 - clicked on song
[INFO ] 2023-04-08 09:36:46.712 [main] MyStoreV1 - Youtube method passed.
[INFO ] 2023-04-08 09:39:56.862 [main] MyStoreV1 - url opened
[INFO ] 2023-04-08 09:40:10.191 [main] MyStoreV1 - YouTube url opened
[INFO ] 2023-04-08 09:48:25.566 [main] MyStoreV1 - url opened
[INFO ] 2023-04-08 09:48:25.758 [main] MyStoreV1 - Entered Username
[INFO ] 2023-04-08 09:48:25.874 [main] MyStoreV1 - Entered Password
[INFO ] 2023-04-08 09:48:26.040 [main] MyStoreV1 - Clicked on Login Button
[INFO ] 2023-04-08 09:48:57.077 [main] MyStoreV1 - YouTube url opened
[INFO ] 2023-04-08 09:49:07.360 [main] MyStoreV1 - Entered songname
[INFO ] 2023-04-08 09:49:07.543 [main] MyStoreV1 - Clicked on search button
[INFO ] 2023-04-08 09:49:09.702 [main] MyStoreV1 - clicked on song
[INFO ] 2023-04-08 09:49:19.722 [main] MyStoreV1 - Youtube method failed.
[INFO ] 2023-04-08 18:40:46.036 [main] MyStoreV1 - url opened
[INFO ] 2023-04-08 18:40:52.201 [main] MyStoreV1 - Entered Username
[INFO ] 2023-04-08 18:40:52.315 [main] MyStoreV1 - Entered Password
[INFO ] 2023-04-08 18:40:52.490 [main] MyStoreV1 - Clicked on Login Button
[INFO ] 2023-04-08 18:41:28.179 [main] MyStoreV1 - YouTube url opened
[INFO ] 2023-04-08 18:41:38.834 [main] MyStoreV1 - Entered songname
[INFO ] 2023-04-08 18:41:39.005 [main] MyStoreV1 - Clicked on search button
[INFO ] 2023-04-08 18:41:40.925 [main] MyStoreV1 - clicked on song
[INFO ] 2023-04-08 18:42:45.423 [main] MyStoreV1 - url opened
[INFO ] 2023-04-08 18:42:46.658 [main] MyStoreV1 - Entered Username
[INFO ] 2023-04-08 18:42:46.811 [main] MyStoreV1 - Entered Password
[INFO ] 2023-04-08 18:42:47.029 [main] MyStoreV1 - Clicked on Login Button
[INFO ] 2023-04-08 18:42:47.107 [main] MyStoreV1 - Clicked on menu button
[INFO ] 2023-04-08 18:42:47.217 [main] MyStoreV1 - Clicked on Logout Button
[INFO ] 2023-04-08 18:42:47.365 [main] MyStoreV1 - Entered Username
[INFO ] 2023-04-08 18:42:47.507 [main] MyStoreV1 - Entered Password
[INFO ] 2023-04-08 18:42:47.608 [main] MyStoreV1 - Clicked on Login Button
[INFO ] 2023-04-08 18:42:47.674 [main] MyStoreV1 - Clicked on menu button
[INFO ] 2023-04-08 18:42:47.823 [main] MyStoreV1 - Clicked on Logout Button
[INFO ] 2023-04-08 18:42:57.551 [main] MyStoreV1 - YouTube url opened
[INFO ] 2023-04-08 18:43:07.877 [main] MyStoreV1 - Entered songname
[INFO ] 2023-04-08 18:43:08.142 [main] MyStoreV1 - Clicked on search button
[INFO ] 2023-04-08 18:43:09.769 [main] MyStoreV1 - clicked on song
[INFO ] 2023-04-08 18:43:19.800 [main] MyStoreV1 - Youtube method passed.
[INFO ] 2023-04-09 09:57:43.133 [main] MyStoreV1 - url opened
[INFO ] 2023-04-09 09:57:48.446 [main] MyStoreV1 - Entered Username
[INFO ] 2023-04-09 09:57:48.614 [main] MyStoreV1 - Entered Password
[INFO ] 2023-04-09 09:57:48.864 [main] MyStoreV1 - Clicked on Login Button
[INFO ] 2023-04-09 09:57:49.016 [main] MyStoreV1 - Clicked on menu button
[INFO ] 2023-04-09 09:57:49.188 [main] MyStoreV1 - Clicked on Logout Button
[INFO ] 2023-04-09 09:57:49.367 [main] MyStoreV1 - Entered Username
[INFO ] 2023-04-09 09:57:49.485 [main] MyStoreV1 - Entered Password
[INFO ] 2023-04-09 09:57:49.598 [main] MyStoreV1 - Clicked on Login Button
[INFO ] 2023-04-09 09:57:49.680 [main] MyStoreV1 - Clicked on menu button
[INFO ] 2023-04-09 09:57:49.893 [main] MyStoreV1 - Clicked on Logout Button
[INFO ] 2023-04-09 09:58:00.119 [main] MyStoreV1 - YouTube url opened
[INFO ] 2023-04-09 09:58:10.470 [main] MyStoreV1 - Entered songname
[INFO ] 2023-04-09 09:58:10.686 [main] MyStoreV1 - Clicked on search button
[INFO ] 2023-04-09 09:58:12.464 [main] MyStoreV1 - clicked on song
[INFO ] 2023-04-09 09:58:22.496 [main] MyStoreV1 - Youtube method passed.
[INFO ] 2023-04-09 10:22:03.541 [main] MyStoreV1 - url opened
[INFO ] 2023-04-09 10:22:05.256 [main] MyStoreV1 - Entered Username
[INFO ] 2023-04-09 10:22:05.415 [main] MyStoreV1 - Entered Password
[INFO ] 2023-04-09 10:22:05.645 [main] MyStoreV1 - Clicked on Login Button
[INFO ] 2023-04-09 10:22:05.810 [main] MyStoreV1 - Clicked on menu button
[INFO ] 2023-04-09 10:22:05.982 [main] MyStoreV1 - Clicked on Logout Button
[INFO ] 2023-04-09 10:22:06.126 [main] MyStoreV1 - Entered Username
[INFO ] 2023-04-09 10:22:06.257 [main] MyStoreV1 - Entered Password
[INFO ] 2023-04-09 10:22:06.379 [main] MyStoreV1 - Clicked on Login Button
[INFO ] 2023-04-09 10:22:06.464 [main] MyStoreV1 - Clicked on menu button
[INFO ] 2023-04-09 10:22:06.616 [main] MyStoreV1 - Clicked on Logout Button
[INFO ] 2023-04-09 10:22:14.947 [main] MyStoreV1 - YouTube url opened
[INFO ] 2023-04-09 10:22:25.424 [main] MyStoreV1 - Entered songname
[INFO ] 2023-04-09 10:22:25.615 [main] MyStoreV1 - Clicked on search button
[INFO ] 2023-04-09 10:22:27.574 [main] MyStoreV1 - clicked on song
[INFO ] 2023-04-09 10:22:37.604 [main] MyStoreV1 - Youtube method passed.
[INFO ] 2023-10-20 16:24:37.427 [main] MyStoreV1 - url opened
[INFO ] 2023-10-20 16:24:39.235 [main] MyStoreV1 - Entered Username
[INFO ] 2023-10-20 16:24:39.372 [main] MyStoreV1 - Entered Password
[INFO ] 2023-10-20 16:24:39.583 [main] MyStoreV1 - Clicked on Login Button
[INFO ] 2023-10-20 16:24:39.704 [main] MyStoreV1 - Clicked on menu button
[INFO ] 2023-10-20 16:24:39.875 [main] MyStoreV1 - Clicked on Logout Button
[INFO ] 2023-10-20 16:24:40.042 [main] MyStoreV1 - Entered Username
[INFO ] 2023-10-20 16:24:40.176 [main] MyStoreV1 - Entered Password
[INFO ] 2023-10-20 16:24:40.290 [main] MyStoreV1 - Clicked on Login Button
[INFO ] 2023-10-20 16:24:40.365 [main] MyStoreV1 - Clicked on menu button
[INFO ] 2023-10-20 16:24:40.609 [main] MyStoreV1 - Clicked on Logout Button
[INFO ] 2023-10-20 16:24:48.613 [main] MyStoreV1 - YouTube url opened
[INFO ] 2023-10-20 16:24:59.013 [main] MyStoreV1 - Entered songname
[INFO ] 2023-10-20 16:24:59.242 [main] MyStoreV1 - Clicked on search button
[INFO ] 2023-10-20 16:25:01.439 [main] MyStoreV1 - clicked on song
[INFO ] 2023-10-20 16:25:11.471 [main] MyStoreV1 - Youtube method passed.
[INFO ] 2023-10-20 16:26:22.704 [main] MyStoreV1 - url opened
[INFO ] 2023-10-20 16:26:24.479 [main] MyStoreV1 - Entered Username
[INFO ] 2023-10-20 16:26:24.602 [main] MyStoreV1 - Entered Password
[INFO ] 2023-10-20 16:26:24.786 [main] MyStoreV1 - Clicked on Login Button
[INFO ] 2023-10-20 16:26:24.908 [main] MyStoreV1 - Clicked on menu button
[INFO ] 2023-10-20 16:26:25.123 [main] MyStoreV1 - Clicked on Logout Button
[INFO ] 2023-10-20 16:26:25.358 [main] MyStoreV1 - Entered Username
[INFO ] 2023-10-20 16:26:25.489 [main] MyStoreV1 - Entered Password
[INFO ] 2023-10-20 16:26:25.605 [main] MyStoreV1 - Clicked on Login Button
[INFO ] 2023-10-20 16:26:25.678 [main] MyStoreV1 - Clicked on menu button
[INFO ] 2023-10-20 16:26:25.911 [main] MyStoreV1 - Clicked on Logout Button
[INFO ] 2023-10-20 16:26:33.449 [main] MyStoreV1 - YouTube url opened
[INFO ] 2023-10-20 16:26:43.961 [main] MyStoreV1 - Entered songname
[INFO ] 2023-10-20 16:26:44.193 [main] MyStoreV1 - Clicked on search button
[INFO ] 2023-10-20 16:26:46.363 [main] MyStoreV1 - clicked on song
[INFO ] 2023-10-20 16:26:56.404 [main] MyStoreV1 - Youtube method passed.
[INFO ] 2023-10-21 17:30:43.653 [main] MyStoreV1 - url opened
[INFO ] 2023-10-21 17:30:45.740 [main] MyStoreV1 - Entered Username
[INFO ] 2023-10-21 17:30:45.887 [main] MyStoreV1 - Entered Password
[INFO ] 2023-10-21 17:30:46.105 [main] MyStoreV1 - Clicked on Login Button
[INFO ] 2023-10-21 17:30:46.251 [main] MyStoreV1 - Clicked on menu button
[INFO ] 2023-10-21 17:30:46.438 [main] MyStoreV1 - Clicked on Logout Button
[INFO ] 2023-10-21 17:30:46.628 [main] MyStoreV1 - Entered Username
[INFO ] 2023-10-21 17:30:46.755 [main] MyStoreV1 - Entered Password
[INFO ] 2023-10-21 17:30:46.885 [main] MyStoreV1 - Clicked on Login Button
[INFO ] 2023-10-21 17:30:46.969 [main] MyStoreV1 - Clicked on menu button
[INFO ] 2023-10-21 17:30:47.137 [main] MyStoreV1 - Clicked on Logout Button
[INFO ] 2023-10-21 17:30:57.229 [main] MyStoreV1 - YouTube url opened
[INFO ] 2023-10-21 17:31:07.619 [main] MyStoreV1 - Entered songname
[INFO ] 2023-10-21 17:31:07.859 [main] MyStoreV1 - Clicked on search button
[INFO ] 2023-10-21 17:31:10.103 [main] MyStoreV1 - clicked on song
[INFO ] 2023-10-21 17:31:20.143 [main] MyStoreV1 - Youtube method passed.
[INFO ] 2023-10-22 18:17:44.148 [main] MyStoreV1 - url opened
[INFO ] 2023-10-22 18:17:46.520 [main] MyStoreV1 - Entered Username
[INFO ] 2023-10-22 18:17:46.656 [main] MyStoreV1 - Entered Password
[INFO ] 2023-10-22 18:17:46.852 [main] MyStoreV1 - Clicked on Login Button
[INFO ] 2023-10-22 18:17:46.988 [main] MyStoreV1 - Clicked on menu button
[INFO ] 2023-10-22 18:17:47.178 [main] MyStoreV1 - Clicked on Logout Button
[INFO ] 2023-10-22 18:17:47.354 [main] MyStoreV1 - Entered Username
[INFO ] 2023-10-22 18:17:47.472 [main] MyStoreV1 - Entered Password
[INFO ] 2023-10-22 18:17:47.576 [main] MyStoreV1 - Clicked on Login Button
[INFO ] 2023-10-22 18:17:47.670 [main] MyStoreV1 - Clicked on menu button
[INFO ] 2023-10-22 18:17:47.839 [main] MyStoreV1 - Clicked on Logout Button
[INFO ] 2023-10-22 18:17:56.115 [main] MyStoreV1 - YouTube url opened
[INFO ] 2023-10-22 18:18:06.519 [main] MyStoreV1 - Entered songname
[INFO ] 2023-10-22 18:18:06.789 [main] MyStoreV1 - Clicked on search button
[INFO ] 2023-10-22 18:18:09.039 [main] MyStoreV1 - clicked on song
[INFO ] 2023-10-22 18:18:19.075 [main] MyStoreV1 - Youtube method passed.
[INFO ] 2023-11-09 09:36:59.688 [main] MyStoreV1 - url opened
[INFO ] 2023-11-09 09:37:01.348 [main] MyStoreV1 - Entered Username
[INFO ] 2023-11-09 09:37:01.463 [main] MyStoreV1 - Entered Password
[INFO ] 2023-11-09 09:37:01.643 [main] MyStoreV1 - Clicked on Login Button
[INFO ] 2023-11-09 09:37:01.764 [main] MyStoreV1 - Clicked on menu button
[INFO ] 2023-11-09 09:37:01.965 [main] MyStoreV1 - Clicked on Logout Button
[INFO ] 2023-11-09 09:37:02.124 [main] MyStoreV1 - Entered Username
[INFO ] 2023-11-09 09:37:02.255 [main] MyStoreV1 - Entered Password
[INFO ] 2023-11-09 09:37:02.380 [main] MyStoreV1 - Clicked on Login Button
[INFO ] 2023-11-09 09:37:02.460 [main] MyStoreV1 - Clicked on menu button
[INFO ] 2023-11-09 09:37:02.599 [main] MyStoreV1 - Clicked on Logout Button
[INFO ] 2023-11-09 09:37:10.209 [main] MyStoreV1 - YouTube url opened
[INFO ] 2023-11-09 09:37:20.544 [main] MyStoreV1 - Entered songname
[INFO ] 2023-11-09 09:37:20.805 [main] MyStoreV1 - Clicked on search button
[INFO ] 2023-11-09 09:37:22.664 [main] MyStoreV1 - clicked on song
[INFO ] 2023-11-09 09:37:32.692 [main] MyStoreV1 - Youtube method passed.
[INFO ] 2023-11-09 09:38:43.815 [main] MyStoreV1 - url opened
[INFO ] 2023-11-09 09:38:45.451 [main] MyStoreV1 - Entered Username
[INFO ] 2023-11-09 09:38:45.574 [main] MyStoreV1 - Entered Password
[INFO ] 2023-11-09 09:38:45.764 [main] MyStoreV1 - Clicked on Login Button
[INFO ] 2023-11-09 09:38:45.928 [main] MyStoreV1 - Clicked on menu button
[INFO ] 2023-11-09 09:38:46.105 [main] MyStoreV1 - Clicked on Logout Button
[INFO ] 2023-11-09 09:38:46.246 [main] MyStoreV1 - Entered Username
[INFO ] 2023-11-09 09:38:46.352 [main] MyStoreV1 - Entered Password
[INFO ] 2023-11-09 09:38:46.444 [main] MyStoreV1 - Clicked on Login Button
[INFO ] 2023-11-09 09:38:46.517 [main] MyStoreV1 - Clicked on menu button
[INFO ] 2023-11-09 09:38:46.666 [main] MyStoreV1 - Clicked on Logout Button
[INFO ] 2023-11-09 09:38:53.959 [main] MyStoreV1 - YouTube url opened
[INFO ] 2023-11-09 09:39:04.296 [main] MyStoreV1 - Entered songname
[INFO ] 2023-11-09 09:39:04.498 [main] MyStoreV1 - Clicked on search button
[INFO ] 2023-11-09 09:39:06.335 [main] MyStoreV1 - clicked on song
[INFO ] 2023-11-09 09:39:16.361 [main] MyStoreV1 - Youtube method passed.
[INFO ] 2023-11-09 09:39:45.855 [main] MyStoreV1 - url opened
[INFO ] 2023-11-09 09:39:47.402 [main] MyStoreV1 - Entered Username
[INFO ] 2023-11-09 09:39:47.517 [main] MyStoreV1 - Entered Password
[INFO ] 2023-11-09 09:39:47.695 [main] MyStoreV1 - Clicked on Login Button
[INFO ] 2023-11-09 09:39:47.826 [main] MyStoreV1 - Clicked on menu button
[INFO ] 2023-11-09 09:39:48.007 [main] MyStoreV1 - Clicked on Logout Button
[INFO ] 2023-11-09 09:39:48.181 [main] MyStoreV1 - Entered Username
[INFO ] 2023-11-09 09:39:48.307 [main] MyStoreV1 - Entered Password
[INFO ] 2023-11-09 09:39:48.414 [main] MyStoreV1 - Clicked on Login Button
[INFO ] 2023-11-09 09:39:48.486 [main] MyStoreV1 - Clicked on menu button
[INFO ] 2023-11-09 09:39:48.700 [main] MyStoreV1 - Clicked on Logout Button
[INFO ] 2023-11-09 09:39:55.936 [main] MyStoreV1 - YouTube url opened
[INFO ] 2023-11-09 09:40:06.278 [main] MyStoreV1 - Entered songname
[INFO ] 2023-11-09 09:40:06.484 [main] MyStoreV1 - Clicked on search button
[INFO ] 2023-11-09 09:40:08.387 [main] MyStoreV1 - clicked on song
[INFO ] 2023-11-09 09:40:18.402 [main] MyStoreV1 - Youtube method passed.
[INFO ] 2023-11-09 09:42:07.583 [main] MyStoreV1 - url opened
[INFO ] 2023-11-09 09:42:09.065 [main] MyStoreV1 - Entered Username
[INFO ] 2023-11-09 09:42:09.181 [main] MyStoreV1 - Entered Password
[INFO ] 2023-11-09 09:42:09.394 [main] MyStoreV1 - Clicked on Login Button
[INFO ] 2023-11-09 09:42:09.528 [main] MyStoreV1 - Clicked on menu button
[INFO ] 2023-11-09 09:42:09.701 [main] MyStoreV1 - Clicked on Logout Button
[INFO ] 2023-11-09 09:42:09.850 [main] MyStoreV1 - Entered Username
[INFO ] 2023-11-09 09:42:09.961 [main] MyStoreV1 - Entered Password
[INFO ] 2023-11-09 09:42:10.077 [main] MyStoreV1 - Clicked on Login Button
[INFO ] 2023-11-09 09:42:10.185 [main] MyStoreV1 - Clicked on menu button
[INFO ] 2023-11-09 09:42:10.280 [main] MyStoreV1 - Clicked on Logout Button
[INFO ] 2023-11-09 09:42:18.492 [main] MyStoreV1 - YouTube url opened
[INFO ] 2023-11-09 09:42:28.842 [main] MyStoreV1 - Entered songname
[INFO ] 2023-11-09 09:42:29.070 [main] MyStoreV1 - Clicked on search button
[INFO ] 2023-11-09 09:42:31.113 [main] MyStoreV1 - clicked on song
[INFO ] 2023-11-09 09:42:41.128 [main] MyStoreV1 - Youtube method passed.
[INFO ] 2023-11-17 09:10:30.835 [main] MyStoreV1 - url opened
[INFO ] 2023-11-17 09:10:32.477 [main] MyStoreV1 - Entered Username
[INFO ] 2023-11-17 09:10:32.595 [main] MyStoreV1 - Entered Password
[INFO ] 2023-11-17 09:10:32.816 [main] MyStoreV1 - Clicked on Login Button
[INFO ] 2023-11-17 09:10:32.959 [main] MyStoreV1 - Clicked on menu button
[INFO ] 2023-11-17 09:10:33.137 [main] MyStoreV1 - Clicked on Logout Button
[INFO ] 2023-11-17 09:10:33.319 [main] MyStoreV1 - Entered Username
[INFO ] 2023-11-17 09:10:33.434 [main] MyStoreV1 - Entered Password
[INFO ] 2023-11-17 09:10:33.564 [main] MyStoreV1 - Clicked on Login Button
[INFO ] 2023-11-17 09:10:33.704 [main] MyStoreV1 - Clicked on menu button
[INFO ] 2023-11-17 09:10:33.821 [main] MyStoreV1 - Clicked on Logout Button
[INFO ] 2023-11-17 09:10:43.344 [main] MyStoreV1 - YouTube url opened
[INFO ] 2023-11-17 09:10:53.704 [main] MyStoreV1 - Entered songname
[INFO ] 2023-11-17 09:10:53.907 [main] MyStoreV1 - Clicked on search button
[INFO ] 2023-11-17 09:10:55.757 [main] MyStoreV1 - clicked on song
[INFO ] 2023-11-17 09:11:05.795 [main] MyStoreV1 - Youtube method passed.
[INFO ] 2023-11-20 20:11:08.962 [main] MyStoreV1 - url opened
[INFO ] 2023-11-20 20:11:10.812 [main] MyStoreV1 - Entered Username
[INFO ] 2023-11-20 20:11:10.972 [main] MyStoreV1 - Entered Password
[INFO ] 2023-11-20 20:11:11.237 [main] MyStoreV1 - Clicked on Login Button
[INFO ] 2023-11-20 20:11:11.423 [main] MyStoreV1 - Clicked on menu button
[INFO ] 2023-11-20 20:11:11.630 [main] MyStoreV1 - Clicked on Logout Button
[INFO ] 2023-11-20 20:11:11.795 [main] MyStoreV1 - Entered Username
[INFO ] 2023-11-20 20:11:11.940 [main] MyStoreV1 - Entered Password
[INFO ] 2023-11-20 20:11:12.081 [main] MyStoreV1 - Clicked on Login Button
[INFO ] 2023-11-20 20:11:12.212 [main] MyStoreV1 - Clicked on menu button
[INFO ] 2023-11-20 20:11:12.326 [main] MyStoreV1 - Clicked on Logout Button
[INFO ] 2023-11-20 20:11:20.126 [main] MyStoreV1 - YouTube url opened
[INFO ] 2023-11-20 20:11:31.128 [main] MyStoreV1 - Entered songname
[INFO ] 2023-11-20 20:11:31.750 [main] MyStoreV1 - Clicked on search button
[INFO ] 2023-11-20 20:11:33.997 [main] MyStoreV1 - clicked on song
[INFO ] 2023-11-20 20:11:44.014 [main] MyStoreV1 - Youtube method passed.
[INFO ] 2023-12-06 08:45:43.221 [main] MyStoreV1 - url opened
[INFO ] 2023-12-06 08:45:45.419 [main] MyStoreV1 - Entered Username
[INFO ] 2023-12-06 08:45:45.577 [main] MyStoreV1 - Entered Password
[INFO ] 2023-12-06 08:45:45.892 [main] MyStoreV1 - Clicked on Login Button
[INFO ] 2023-12-06 08:45:46.069 [main] MyStoreV1 - Clicked on menu button
[INFO ] 2023-12-06 08:45:46.264 [main] MyStoreV1 - Clicked on Logout Button
[INFO ] 2023-12-06 08:45:46.467 [main] MyStoreV1 - Entered Username
[INFO ] 2023-12-06 08:45:46.614 [main] MyStoreV1 - Entered Password
[INFO ] 2023-12-06 08:45:46.761 [main] MyStoreV1 - Clicked on Login Button
[INFO ] 2023-12-06 08:45:46.889 [main] MyStoreV1 - Clicked on menu button
[INFO ] 2023-12-06 08:45:47.003 [main] MyStoreV1 - Clicked on Logout Button
[INFO ] 2023-12-06 08:45:55.417 [main] MyStoreV1 - YouTube url opened
[INFO ] 2023-12-06 08:46:05.844 [main] MyStoreV1 - Entered songname
[INFO ] 2023-12-06 08:46:06.143 [main] MyStoreV1 - Clicked on search button
[INFO ] 2023-12-06 08:46:08.372 [main] MyStoreV1 - clicked on song
[INFO ] 2023-12-06 08:46:18.397 [main] MyStoreV1 - Youtube method passed.
[INFO ] 2024-01-27 16:58:28.704 [main] MyStoreV1 - url opened
[INFO ] 2024-01-27 16:58:30.470 [main] MyStoreV1 - Entered Username
[INFO ] 2024-01-27 16:58:30.629 [main] MyStoreV1 - Entered Password
[INFO ] 2024-01-27 16:58:30.913 [main] MyStoreV1 - Clicked on Login Button
[INFO ] 2024-01-27 16:58:31.129 [main] MyStoreV1 - Clicked on menu button
[INFO ] 2024-01-27 16:58:31.376 [main] MyStoreV1 - Clicked on Logout Button
[INFO ] 2024-01-27 16:58:31.602 [main] MyStoreV1 - Entered Username
[INFO ] 2024-01-27 16:58:31.785 [main] MyStoreV1 - Entered Password
[INFO ] 2024-01-27 16:58:31.977 [main] MyStoreV1 - Clicked on Login Button
[INFO ] 2024-01-27 16:58:32.103 [main] MyStoreV1 - Clicked on menu button
[INFO ] 2024-01-27 16:58:32.233 [main] MyStoreV1 - Clicked on Logout Button
[INFO ] 2024-01-27 16:58:41.628 [main] MyStoreV1 - YouTube url opened
[INFO ] 2024-01-27 16:58:52.830 [main] MyStoreV1 - Entered songname
[INFO ] 2024-01-27 16:58:53.466 [main] MyStoreV1 - Clicked on search button
[INFO ] 2024-01-27 16:58:55.793 [main] MyStoreV1 - clicked on song
[INFO ] 2024-01-27 16:59:05.813 [main] MyStoreV1 - Youtube method passed.
[INFO ] 2024-02-07 09:23:45.741 [main] MyStoreV1 - url opened
[INFO ] 2024-02-07 09:23:47.351 [main] MyStoreV1 - Entered Username
[INFO ] 2024-02-07 09:23:47.463 [main] MyStoreV1 - Entered Password
[INFO ] 2024-02-07 09:23:47.676 [main] MyStoreV1 - Clicked on Login Button
[INFO ] 2024-02-07 09:23:47.850 [main] MyStoreV1 - Clicked on menu button
[INFO ] 2024-02-07 09:23:48.011 [main] MyStoreV1 - Clicked on Logout Button
[INFO ] 2024-02-07 09:23:48.160 [main] MyStoreV1 - Entered Username
[INFO ] 2024-02-07 09:23:48.297 [main] MyStoreV1 - Entered Password
[INFO ] 2024-02-07 09:23:48.430 [main] MyStoreV1 - Clicked on Login Button
[INFO ] 2024-02-07 09:23:48.531 [main] MyStoreV1 - Clicked on menu button
[INFO ] 2024-02-07 09:23:48.693 [main] MyStoreV1 - Clicked on Logout Button
[INFO ] 2024-02-07 09:23:55.834 [main] MyStoreV1 - YouTube url opened
[INFO ] 2024-02-07 09:24:06.148 [main] MyStoreV1 - Entered songname
[INFO ] 2024-02-07 09:24:06.367 [main] MyStoreV1 - Clicked on search button
[INFO ] 2024-02-07 09:24:08.342 [main] MyStoreV1 - clicked on song
[INFO ] 2024-02-07 09:24:18.383 [main] MyStoreV1 - Youtube method passed.
[INFO ] 2024-02-07 09:54:08.681 [main] MyStoreV1 - url opened
[INFO ] 2024-02-07 09:55:15.193 [main] MyStoreV1 - url opened
[INFO ] 2024-02-07 09:57:36.022 [main] MyStoreV1 - url opened
[INFO ] 2024-02-07 15:57:49.344 [main] MyStoreV1 - url opened
[INFO ] 2024-02-07 16:03:31.653 [main] MyStoreV1 - url opened
[INFO ] 2024-02-07 16:06:27.472 [main] MyStoreV1 - url opened
[INFO ] 2024-02-07 16:08:29.547 [main] MyStoreV1 - url opened
[INFO ] 2024-02-07 16:14:39.093 [main] MyStoreV1 - url opened
[INFO ] 2024-02-07 16:16:48.625 [main] MyStoreV1 - url opened
[INFO ] 2024-02-07 16:20:39.266 [main] MyStoreV1 - url opened
[INFO ] 2024-02-07 16:21:58.652 [main] MyStoreV1 - url opened
[INFO ] 2024-02-07 16:24:20.084 [main] MyStoreV1 - url opened
[INFO ] 2024-02-07 16:38:48.319 [main] MyStoreV1 - url opened
[INFO ] 2024-02-07 16:39:27.904 [main] MyStoreV1 - Entered Username
[INFO ] 2024-02-07 16:39:28.082 [main] MyStoreV1 - Entered Password
[INFO ] 2024-02-07 16:39:28.320 [main] MyStoreV1 - Clicked on Login Button
[INFO ] 2024-02-07 16:40:58.509 [main] MyStoreV1 - url opened
[INFO ] 2024-02-07 16:40:59.698 [main] MyStoreV1 - Entered Username
[INFO ] 2024-02-07 16:40:59.871 [main] MyStoreV1 - Entered Password
[INFO ] 2024-02-07 16:41:00.236 [main] MyStoreV1 - Clicked on Login Button
[INFO ] 2024-02-07 16:49:50.329 [main] MyStoreV1 - url opened
[INFO ] 2024-02-07 16:49:51.525 [main] MyStoreV1 - Entered Username
[INFO ] 2024-02-07 16:49:51.686 [main] MyStoreV1 - Entered Password
[INFO ] 2024-02-07 16:49:52.013 [main] MyStoreV1 - Clicked on Login Button
[INFO ] 2024-02-07 16:56:37.761 [main] MyStoreV1 - url opened
[INFO ] 2024-02-07 17:05:51.407 [main] MyStoreV1 - url opened
[INFO ] 2024-02-07 17:06:37.278 [main] MyStoreV1 - url opened
[INFO ] 2024-02-07 17:07:36.547 [main] MyStoreV1 - url opened
[INFO ] 2024-02-07 17:09:54.782 [main] MyStoreV1 - url opened
[INFO ] 2024-02-07 17:09:55.926 [main] MyStoreV1 - Entered Username
[INFO ] 2024-02-07 17:09:56.073 [main] MyStoreV1 - Entered Password
[INFO ] 2024-02-07 17:09:56.336 [main] MyStoreV1 - Clicked on Login Button
[INFO ] 2024-02-07 17:15:01.206 [main] MyStoreV1 - url opened
[INFO ] 2024-02-07 17:15:52.027 [main] MyStoreV1 - url opened
[INFO ] 2024-02-07 17:15:53.315 [main] MyStoreV1 - Entered Username
[INFO ] 2024-02-07 17:15:53.533 [main] MyStoreV1 - Entered Password
[INFO ] 2024-02-07 17:15:53.862 [main] MyStoreV1 - Clicked on Login Button
[INFO ] 2024-02-07 17:22:44.786 [main] MyStoreV1 - url opened
[INFO ] 2024-02-07 17:22:46.094 [main] MyStoreV1 - Entered Username
[INFO ] 2024-02-07 17:22:46.242 [main] MyStoreV1 - Entered Password
[INFO ] 2024-02-07 17:22:46.547 [main] MyStoreV1 - Clicked on Login Button
[INFO ] 2024-02-07 17:23:55.214 [main] MyStoreV1 - url opened
[INFO ] 2024-02-07 17:23:56.428 [main] MyStoreV1 - Entered Username
[INFO ] 2024-02-07 17:23:56.570 [main] MyStoreV1 - Entered Password
[INFO ] 2024-02-07 17:23:56.884 [main] MyStoreV1 - Clicked on Login Button
[INFO ] 2024-02-07 17:24:25.726 [main] MyStoreV1 - url opened
[INFO ] 2024-02-07 17:24:26.912 [main] MyStoreV1 - Entered Username
[INFO ] 2024-02-07 17:24:27.072 [main] MyStoreV1 - Entered Password
[INFO ] 2024-02-07 17:24:27.329 [main] MyStoreV1 - Clicked on Login Button
[INFO ] 2024-02-07 17:29:38.227 [main] MyStoreV1 - url opened
[INFO ] 2024-02-07 17:29:39.444 [main] MyStoreV1 - Entered Username
[INFO ] 2024-02-07 17:29:39.620 [main] MyStoreV1 - Entered Password
[INFO ] 2024-02-07 17:29:39.952 [main] MyStoreV1 - Clicked on Login Button
[INFO ] 2024-02-07 17:30:58.002 [main] MyStoreV1 - url opened
[INFO ] 2024-02-07 17:30:59.541 [main] MyStoreV1 - Entered Username
[INFO ] 2024-02-07 17:30:59.706 [main] MyStoreV1 - Entered Password
[INFO ] 2024-02-07 17:31:00.033 [main] MyStoreV1 - Clicked on Login Button
[INFO ] 2024-02-07 17:31:25.999 [main] MyStoreV1 - url opened
[INFO ] 2024-02-07 17:31:27.297 [main] MyStoreV1 - Entered Username
[INFO ] 2024-02-07 17:31:27.466 [main] MyStoreV1 - Entered Password
[INFO ] 2024-02-07 17:31:27.766 [main] MyStoreV1 - Clicked on Login Button
[INFO ] 2024-02-07 17:33:47.019 [main] MyStoreV1 - url opened
[INFO ] 2024-02-07 17:33:48.192 [main] MyStoreV1 - Entered Username
[INFO ] 2024-02-07 17:33:48.363 [main] MyStoreV1 - Entered Password
[INFO ] 2024-02-07 17:33:48.661 [main] MyStoreV1 - Clicked on Login Button
[INFO ] 2024-02-07 17:36:30.906 [main] MyStoreV1 - url opened
[INFO ] 2024-02-07 17:36:32.218 [main] MyStoreV1 - Entered Username
[INFO ] 2024-02-07 17:36:32.373 [main] MyStoreV1 - Entered Password
[INFO ] 2024-02-07 17:36:32.688 [main] MyStoreV1 - Clicked on Login Button
[INFO ] 2024-02-07 17:36:53.085 [main] MyStoreV1 - url opened
[INFO ] 2024-02-07 17:36:54.290 [main] MyStoreV1 - Entered Username
[INFO ] 2024-02-07 17:36:54.438 [main] MyStoreV1 - Entered Password
[INFO ] 2024-02-07 17:36:54.738 [main] MyStoreV1 - Clicked on Login Button
[INFO ] 2024-02-07 17:54:21.819 [main] MyStoreV1 - url opened
[INFO ] 2024-02-07 17:54:23.435 [main] MyStoreV1 - Entered Username
[INFO ] 2024-02-07 17:54:23.639 [main] MyStoreV1 - Entered Password
[INFO ] 2024-02-07 17:54:23.915 [main] MyStoreV1 - Clicked on Login Button
[INFO ] 2024-02-07 17:58:39.158 [main] MyStoreV1 - url opened
[INFO ] 2024-02-07 17:58:40.539 [main] MyStoreV1 - Entered Username
[INFO ] 2024-02-07 17:58:40.692 [main] MyStoreV1 - Entered Password
[INFO ] 2024-02-07 17:58:41.022 [main] MyStoreV1 - Clicked on Login Button
[INFO ] 2024-02-07 17:59:17.952 [main] MyStoreV1 - url opened
[INFO ] 2024-02-07 17:59:19.284 [main] MyStoreV1 - Entered Username
[INFO ] 2024-02-07 17:59:19.468 [main] MyStoreV1 - Entered Password
[INFO ] 2024-02-07 17:59:19.756 [main] MyStoreV1 - Clicked on Login Button
[INFO ] 2024-02-07 18:02:01.742 [main] MyStoreV1 - url opened
[INFO ] 2024-02-07 18:02:03.139 [main] MyStoreV1 - Entered Username
[INFO ] 2024-02-07 18:02:03.356 [main] MyStoreV1 - Entered Password
[INFO ] 2024-02-07 18:02:03.675 [main] MyStoreV1 - Clicked on Login Button
[INFO ] 2024-02-08 09:27:11.710 [main] MyStoreV1 - url opened
[INFO ] 2024-02-08 09:27:12.701 [main] MyStoreV1 - Entered Username
[INFO ] 2024-02-08 09:27:12.838 [main] MyStoreV1 - Entered Password
[INFO ] 2024-02-08 09:27:13.127 [main] MyStoreV1 - Clicked on Login Button
[INFO ] 2024-02-08 09:31:20.557 [main] MyStoreV1 - url opened
[INFO ] 2024-02-08 09:31:21.852 [main] MyStoreV1 - Entered Username
[INFO ] 2024-02-08 09:31:22.058 [main] MyStoreV1 - Entered Password
[INFO ] 2024-02-08 09:31:22.336 [main] MyStoreV1 - Clicked on Login Button
[INFO ] 2024-02-10 11:47:49.861 [main] MyStoreV1 - url opened
[INFO ] 2024-02-10 11:47:50.777 [main] MyStoreV1 - Entered Username
[INFO ] 2024-02-10 11:47:50.897 [main] MyStoreV1 - Entered Password
[INFO ] 2024-02-10 11:47:51.126 [main] MyStoreV1 - Clicked on Login Button
[INFO ] 2024-02-10 11:52:13.592 [main] MyStoreV1 - url opened
[INFO ] 2024-02-10 11:52:14.779 [main] MyStoreV1 - Entered Username
[INFO ] 2024-02-10 11:52:14.937 [main] MyStoreV1 - Entered Password
[INFO ] 2024-02-10 11:52:15.222 [main] MyStoreV1 - Clicked on Login Button
[INFO ] 2024-02-12 16:23:33.683 [main] MyStoreV1 - url opened
[INFO ] 2024-02-12 16:23:34.602 [main] MyStoreV1 - Entered Username
[INFO ] 2024-02-12 16:23:34.726 [main] MyStoreV1 - Entered Password
[INFO ] 2024-02-12 16:23:34.955 [main] MyStoreV1 - Clicked on Login Button
[INFO ] 2024-02-16 13:14:40.533 [main] MyStoreV1 - url opened
[INFO ] 2024-02-16 13:14:41.900 [main] MyStoreV1 - Entered Username
[INFO ] 2024-02-16 13:14:42.046 [main] MyStoreV1 - Entered Password
[INFO ] 2024-02-16 13:14:42.273 [main] MyStoreV1 - Clicked on Login Button
[INFO ] 2024-02-17 09:05:35.393 [main] MyStoreV1 - url opened
[INFO ] 2024-02-17 09:05:37.318 [main] MyStoreV1 - Entered Username
[INFO ] 2024-02-17 09:05:37.451 [main] MyStoreV1 - Entered Password
[INFO ] 2024-02-17 09:05:37.696 [main] MyStoreV1 - Clicked on Login Button
[INFO ] 2024-02-17 09:05:37.868 [main] MyStoreV1 - Clicked on menu button
[INFO ] 2024-02-17 09:05:38.115 [main] MyStoreV1 - Clicked on Logout Button
[INFO ] 2024-02-17 09:05:38.291 [main] MyStoreV1 - Entered Username
[INFO ] 2024-02-17 09:05:38.423 [main] MyStoreV1 - Entered Password
[INFO ] 2024-02-17 09:05:38.565 [main] MyStoreV1 - Clicked on Login Button
[INFO ] 2024-02-17 09:05:38.686 [main] MyStoreV1 - Clicked on menu button
[INFO ] 2024-02-17 09:05:38.864 [main] MyStoreV1 - Clicked on Logout Button
[INFO ] 2024-02-17 09:05:48.813 [main] MyStoreV1 - YouTube url opened
[INFO ] 2024-02-17 09:05:59.216 [main] MyStoreV1 - Entered songname
[INFO ] 2024-02-17 09:05:59.497 [main] MyStoreV1 - Clicked on search button
[INFO ] 2024-02-17 09:06:01.797 [main] MyStoreV1 - clicked on song
[INFO ] 2024-02-17 09:06:11.814 [main] MyStoreV1 - Youtube method passed.
[INFO ] 2024-02-17 09:25:26.852 [main] MyStoreV1 - url opened
[INFO ] 2024-02-17 09:25:28.492 [main] MyStoreV1 - Entered Username
[INFO ] 2024-02-17 09:25:28.611 [main] MyStoreV1 - Entered Password
[INFO ] 2024-02-17 09:25:28.822 [main] MyStoreV1 - Clicked on Login Button
[INFO ] 2024-02-17 09:25:28.992 [main] MyStoreV1 - Clicked on menu button
[INFO ] 2024-02-17 09:25:29.228 [main] MyStoreV1 - Clicked on Logout Button
[INFO ] 2024-02-17 09:25:29.351 [main] MyStoreV1 - Entered Username
[INFO ] 2024-02-17 09:25:29.469 [main] MyStoreV1 - Entered Password
[INFO ] 2024-02-17 09:25:29.594 [main] MyStoreV1 - Clicked on Login Button
[INFO ] 2024-02-17 09:25:29.695 [main] MyStoreV1 - Clicked on menu button
[INFO ] 2024-02-17 09:25:29.852 [main] MyStoreV1 - Clicked on Logout Button
[INFO ] 2024-02-17 09:26:25.463 [main] MyStoreV1 - url opened
[INFO ] 2024-02-17 09:26:26.973 [main] MyStoreV1 - Entered Username
[INFO ] 2024-02-17 09:26:27.085 [main] MyStoreV1 - Entered Password
[INFO ] 2024-02-17 09:26:27.290 [main] MyStoreV1 - Clicked on Login Button
[INFO ] 2024-02-17 09:26:27.441 [main] MyStoreV1 - Clicked on menu button
[INFO ] 2024-02-17 09:26:27.611 [main] MyStoreV1 - Clicked on Logout Button
[INFO ] 2024-02-17 09:26:27.732 [main] MyStoreV1 - Entered Username
[INFO ] 2024-02-17 09:26:27.841 [main] MyStoreV1 - Entered Password
[INFO ] 2024-02-17 09:26:27.958 [main] MyStoreV1 - Clicked on Login Button
[INFO ] 2024-02-17 09:26:28.058 [main] MyStoreV1 - Clicked on menu button
[INFO ] 2024-02-17 09:26:28.162 [main] MyStoreV1 - Clicked on Logout Button
[INFO ] 2024-02-17 09:28:16.612 [main] MyStoreV1 - url opened
[INFO ] 2024-02-17 09:28:18.101 [main] MyStoreV1 - Entered Username
[INFO ] 2024-02-17 09:28:18.228 [main] MyStoreV1 - Entered Password
[INFO ] 2024-02-17 09:28:18.425 [main] MyStoreV1 - Clicked on Login Button
[INFO ] 2024-02-17 09:28:18.572 [main] MyStoreV1 - Clicked on menu button
[INFO ] 2024-02-17 09:28:18.829 [main] MyStoreV1 - Clicked on Logout Button
[INFO ] 2024-02-17 09:28:18.972 [main] MyStoreV1 - Entered Username
[INFO ] 2024-02-17 09:28:19.092 [main] MyStoreV1 - Entered Password
[INFO ] 2024-02-17 09:28:19.212 [main] MyStoreV1 - Clicked on Login Button
[INFO ] 2024-02-17 09:28:19.323 [main] MyStoreV1 - Clicked on menu button
[INFO ] 2024-02-17 09:28:19.446 [main] MyStoreV1 - Clicked on Logout Button
[INFO ] 2024-02-17 09:28:28.589 [main] MyStoreV1 - YouTube url opened
[INFO ] 2024-02-17 09:28:38.976 [main] MyStoreV1 - Entered songname
[INFO ] 2024-02-17 09:28:39.275 [main] MyStoreV1 - Clicked on search button
[INFO ] 2024-02-17 09:28:41.828 [main] MyStoreV1 - clicked on song
[INFO ] 2024-02-17 09:28:51.846 [main] MyStoreV1 - Youtube method passed.
[INFO ] 2024-02-17 09:31:10.331 [main] MyStoreV1 - url opened
[INFO ] 2024-02-17 09:31:11.876 [main] MyStoreV1 - Entered Username
[INFO ] 2024-02-17 09:31:11.987 [main] MyStoreV1 - Entered Password
[INFO ] 2024-02-17 09:31:12.191 [main] MyStoreV1 - Clicked on Login Button
[INFO ] 2024-02-17 09:31:12.335 [main] MyStoreV1 - Clicked on menu button
[INFO ] 2024-02-17 09:31:12.503 [main] MyStoreV1 - Clicked on Logout Button
[INFO ] 2024-02-17 09:31:12.646 [main] MyStoreV1 - Entered Username
[INFO ] 2024-02-17 09:31:12.759 [main] MyStoreV1 - Entered Password
[INFO ] 2024-02-17 09:31:12.876 [main] MyStoreV1 - Clicked on Login Button
[INFO ] 2024-02-17 09:31:12.975 [main] MyStoreV1 - Clicked on menu button
[INFO ] 2024-02-17 09:31:13.078 [main] MyStoreV1 - Clicked on Logout Button
[INFO ] 2024-02-17 09:31:22.445 [main] MyStoreV1 - YouTube url opened
[INFO ] 2024-02-17 09:31:32.815 [main] MyStoreV1 - Entered songname
[INFO ] 2024-02-17 09:31:33.046 [main] MyStoreV1 - Clicked on search button
[INFO ] 2024-02-17 09:31:34.832 [main] MyStoreV1 - clicked on song
[INFO ] 2024-02-17 09:31:44.875 [main] MyStoreV1 - Youtube method passed.
[INFO ] 2024-02-17 09:33:21.857 [main] MyStoreV1 - url opened
[INFO ] 2024-02-17 09:33:23.423 [main] MyStoreV1 - Entered Username
[INFO ] 2024-02-17 09:33:23.534 [main] MyStoreV1 - Entered Password
[INFO ] 2024-02-17 09:33:23.737 [main] MyStoreV1 - Clicked on Login Button
[INFO ] 2024-02-17 09:33:23.879 [main] MyStoreV1 - Clicked on menu button
[INFO ] 2024-02-17 09:33:24.046 [main] MyStoreV1 - Clicked on Logout Button
[INFO ] 2024-02-17 09:33:24.185 [main] MyStoreV1 - Entered Username
[INFO ] 2024-02-17 09:33:24.292 [main] MyStoreV1 - Entered Password
[INFO ] 2024-02-17 09:33:24.453 [main] MyStoreV1 - Clicked on Login Button
[INFO ] 2024-02-17 09:33:24.574 [main] MyStoreV1 - Clicked on menu button
[INFO ] 2024-02-17 09:33:24.758 [main] MyStoreV1 - Clicked on Logout Button
[INFO ] 2024-02-17 09:33:32.421 [main] MyStoreV1 - YouTube url opened
[INFO ] 2024-02-17 09:33:42.836 [main] MyStoreV1 - Entered songname
[INFO ] 2024-02-17 09:33:43.110 [main] MyStoreV1 - Clicked on search button
[INFO ] 2024-02-17 09:33:45.406 [main] MyStoreV1 - clicked on song
[INFO ] 2024-02-17 09:33:55.447 [main] MyStoreV1 - Youtube method passed.
[INFO ] 2024-02-17 09:34:55.690 [main] MyStoreV1 - url opened
[INFO ] 2024-02-17 09:34:57.244 [main] MyStoreV1 - Entered Username
[INFO ] 2024-02-17 09:34:57.356 [main] MyStoreV1 - Entered Password
[INFO ] 2024-02-17 09:34:57.552 [main] MyStoreV1 - Clicked on Login Button
[INFO ] 2024-02-17 09:34:57.695 [main] MyStoreV1 - Clicked on menu button
[INFO ] 2024-02-17 09:34:57.866 [main] MyStoreV1 - Clicked on Logout Button
[INFO ] 2024-02-17 09:34:58.006 [main] MyStoreV1 - Entered Username
[INFO ] 2024-02-17 09:34:58.120 [main] MyStoreV1 - Entered Password
[INFO ] 2024-02-17 09:34:58.258 [main] MyStoreV1 - Clicked on Login Button
[INFO ] 2024-02-17 09:34:58.371 [main] MyStoreV1 - Clicked on menu button
[INFO ] 2024-02-17 09:34:58.480 [main] MyStoreV1 - Clicked on Logout Button
[INFO ] 2024-02-17 09:35:07.360 [main] MyStoreV1 - YouTube url opened
[INFO ] 2024-02-17 09:35:17.732 [main] MyStoreV1 - Entered songname
[INFO ] 2024-02-17 09:35:17.946 [main] MyStoreV1 - Clicked on search button
[INFO ] 2024-02-17 09:35:19.770 [main] MyStoreV1 - clicked on song
[INFO ] 2024-02-17 09:35:29.788 [main] MyStoreV1 - Youtube method passed.
[INFO ] 2024-02-17 09:36:48.069 [main] MyStoreV1 - url opened
[INFO ] 2024-02-17 09:36:49.596 [main] MyStoreV1 - Entered Username
[INFO ] 2024-02-17 09:36:49.708 [main] MyStoreV1 - Entered Password
[INFO ] 2024-02-17 09:36:49.917 [main] MyStoreV1 - Clicked on Login Button
[INFO ] 2024-02-17 09:36:50.062 [main] MyStoreV1 - Clicked on menu button
[INFO ] 2024-02-17 09:36:50.298 [main] MyStoreV1 - Clicked on Logout Button
[INFO ] 2024-02-17 09:36:50.442 [main] MyStoreV1 - Entered Username
[INFO ] 2024-02-17 09:36:50.562 [main] MyStoreV1 - Entered Password
[INFO ] 2024-02-17 09:36:50.692 [main] MyStoreV1 - Clicked on Login Button
[INFO ] 2024-02-17 09:36:50.790 [main] MyStoreV1 - Clicked on menu button
[INFO ] 2024-02-17 09:36:50.946 [main] MyStoreV1 - Clicked on Logout Button
[INFO ] 2024-02-17 09:36:59.778 [main] MyStoreV1 - YouTube url opened
[INFO ] 2024-02-17 09:37:10.109 [main] MyStoreV1 - Entered songname
[INFO ] 2024-02-17 09:37:10.351 [main] MyStoreV1 - Clicked on search button
[INFO ] 2024-02-17 09:37:12.195 [main] MyStoreV1 - clicked on song
[INFO ] 2024-02-17 09:37:22.224 [main] MyStoreV1 - Youtube method passed.
[INFO ] 2024-02-17 09:38:05.413 [main] MyStoreV1 - url opened
[INFO ] 2024-02-17 09:38:06.919 [main] MyStoreV1 - Entered Username
[INFO ] 2024-02-17 09:38:07.036 [main] MyStoreV1 - Entered Password
[INFO ] 2024-02-17 09:38:07.261 [main] MyStoreV1 - Clicked on Login Button
[INFO ] 2024-02-17 09:38:07.402 [main] MyStoreV1 - Clicked on menu button
[INFO ] 2024-02-17 09:38:07.664 [main] MyStoreV1 - Clicked on Logout Button
[INFO ] 2024-02-17 09:38:07.800 [main] MyStoreV1 - Entered Username
[INFO ] 2024-02-17 09:38:07.911 [main] MyStoreV1 - Entered Password
[INFO ] 2024-02-17 09:38:08.039 [main] MyStoreV1 - Clicked on Login Button
[INFO ] 2024-02-17 09:38:08.145 [main] MyStoreV1 - Clicked on menu button
[INFO ] 2024-02-17 09:38:08.263 [main] MyStoreV1 - Clicked on Logout Button
[INFO ] 2024-02-17 09:38:16.013 [main] MyStoreV1 - YouTube url opened
[INFO ] 2024-02-17 09:38:26.439 [main] MyStoreV1 - Entered songname
[INFO ] 2024-02-17 09:38:26.733 [main] MyStoreV1 - Clicked on search button
[INFO ] 2024-02-17 09:38:28.706 [main] MyStoreV1 - clicked on song
[INFO ] 2024-02-17 09:38:38.736 [main] MyStoreV1 - Youtube method passed.
[INFO ] 2024-02-17 10:30:57.952 [main] MyStoreV1 - url opened
[INFO ] 2024-02-17 10:30:59.631 [main] MyStoreV1 - Entered Username
[INFO ] 2024-02-17 10:30:59.775 [main] MyStoreV1 - Entered Password
[INFO ] 2024-02-17 10:31:00.042 [main] MyStoreV1 - Clicked on Login Button
[INFO ] 2024-02-17 10:31:00.259 [main] MyStoreV1 - Clicked on menu button
[INFO ] 2024-02-17 10:31:00.483 [main] MyStoreV1 - Clicked on Logout Button
[INFO ] 2024-02-17 10:31:00.642 [main] MyStoreV1 - Entered Username
[INFO ] 2024-02-17 10:31:00.768 [main] MyStoreV1 - Entered Password
[INFO ] 2024-02-17 10:31:00.895 [main] MyStoreV1 - Clicked on Login Button
[INFO ] 2024-02-17 10:31:01.011 [main] MyStoreV1 - Clicked on menu button
[INFO ] 2024-02-17 10:31:01.143 [main] MyStoreV1 - Clicked on Logout Button
[INFO ] 2024-02-17 10:31:11.969 [main] MyStoreV1 - YouTube url opened
[INFO ] 2024-02-17 10:31:22.352 [main] MyStoreV1 - Entered songname
[INFO ] 2024-02-17 10:31:22.578 [main] MyStoreV1 - Clicked on search button
[INFO ] 2024-02-17 10:31:24.493 [main] MyStoreV1 - clicked on song
[INFO ] 2024-02-17 10:31:34.516 [main] MyStoreV1 - Youtube method passed.
[INFO ] 2024-02-17 10:35:57.694 [main] MyStoreV1 - url opened
[INFO ] 2024-02-17 10:35:59.146 [main] MyStoreV1 - Entered Username
[INFO ] 2024-02-17 10:35:59.260 [main] MyStoreV1 - Entered Password
[INFO ] 2024-02-17 10:35:59.470 [main] MyStoreV1 - Clicked on Login Button
[INFO ] 2024-02-17 10:35:59.599 [main] MyStoreV1 - Clicked on menu button
[INFO ] 2024-02-17 10:35:59.783 [main] MyStoreV1 - Clicked on Logout Button
[INFO ] 2024-02-17 10:35:59.932 [main] MyStoreV1 - Entered Username
[INFO ] 2024-02-17 10:36:00.058 [main] MyStoreV1 - Entered Password
[INFO ] 2024-02-17 10:36:00.189 [main] MyStoreV1 - Clicked on Login Button
[INFO ] 2024-02-17 10:36:00.286 [main] MyStoreV1 - Clicked on menu button
[INFO ] 2024-02-17 10:36:00.400 [main] MyStoreV1 - Clicked on Logout Button
[INFO ] 2024-02-17 10:36:09.791 [main] MyStoreV1 - YouTube url opened
[INFO ] 2024-02-17 10:36:20.121 [main] MyStoreV1 - Entered songname
[INFO ] 2024-02-17 10:36:20.338 [main] MyStoreV1 - Clicked on search button
[INFO ] 2024-02-17 10:36:22.599 [main] MyStoreV1 - clicked on song
[INFO ] 2024-02-17 10:36:32.614 [main] MyStoreV1 - Youtube method passed.
[INFO ] 2024-02-17 10:42:37.267 [main] MyStoreV1 - url opened
[INFO ] 2024-02-17 10:42:39.006 [main] MyStoreV1 - Entered Username
[INFO ] 2024-02-17 10:42:39.137 [main] MyStoreV1 - Entered Password
[INFO ] 2024-02-17 10:42:39.376 [main] MyStoreV1 - Clicked on Login Button
[INFO ] 2024-02-17 10:42:39.574 [main] MyStoreV1 - Clicked on menu button
[INFO ] 2024-02-17 10:42:39.756 [main] MyStoreV1 - Clicked on Logout Button
[INFO ] 2024-02-17 10:42:39.920 [main] MyStoreV1 - Entered Username
[INFO ] 2024-02-17 10:42:40.039 [main] MyStoreV1 - Entered Password
[INFO ] 2024-02-17 10:42:40.156 [main] MyStoreV1 - Clicked on Login Button
[INFO ] 2024-02-17 10:42:40.253 [main] MyStoreV1 - Clicked on menu button
[INFO ] 2024-02-17 10:42:40.359 [main] MyStoreV1 - Clicked on Logout Button
[INFO ] 2024-02-17 10:42:50.011 [main] MyStoreV1 - YouTube url opened
[INFO ] 2024-02-17 10:43:00.342 [main] MyStoreV1 - Entered songname
[INFO ] 2024-02-17 10:43:00.572 [main] MyStoreV1 - Clicked on search button
[INFO ] 2024-02-17 10:43:02.783 [main] MyStoreV1 - clicked on song
[INFO ] 2024-02-17 10:43:12.813 [main] MyStoreV1 - Youtube method passed.
[INFO ] 2024-02-17 10:43:28.690 [main] MyStoreV1 - url opened
[INFO ] 2024-02-17 10:43:30.373 [main] MyStoreV1 - Entered Username
[INFO ] 2024-02-17 10:43:30.491 [main] MyStoreV1 - Entered Password
[INFO ] 2024-02-17 10:43:30.691 [main] MyStoreV1 - Clicked on Login Button
[INFO ] 2024-02-17 10:43:30.834 [main] MyStoreV1 - Clicked on menu button
[INFO ] 2024-02-17 10:43:31.078 [main] MyStoreV1 - Clicked on Logout Button
[INFO ] 2024-02-17 10:43:31.236 [main] MyStoreV1 - Entered Username
[INFO ] 2024-02-17 10:43:31.357 [main] MyStoreV1 - Entered Password
[INFO ] 2024-02-17 10:43:31.486 [main] MyStoreV1 - Clicked on Login Button
[INFO ] 2024-02-17 10:43:31.579 [main] MyStoreV1 - Clicked on menu button
[INFO ] 2024-02-17 10:43:31.746 [main] MyStoreV1 - Clicked on Logout Button
[INFO ] 2024-02-17 10:43:43.785 [main] MyStoreV1 - YouTube url opened
[INFO ] 2024-02-17 10:43:54.198 [main] MyStoreV1 - Entered songname
[INFO ] 2024-02-17 10:43:54.456 [main] MyStoreV1 - Clicked on search button
[INFO ] 2024-02-17 10:43:56.206 [main] MyStoreV1 - clicked on song
[INFO ] 2024-02-17 10:44:06.234 [main] MyStoreV1 - Youtube method passed.
[INFO ] 2024-02-17 10:59:59.527 [main] MyStoreV1 - url opened
[INFO ] 2024-02-17 11:00:01.128 [main] MyStoreV1 - Entered Username
[INFO ] 2024-02-17 11:00:01.244 [main] MyStoreV1 - Entered Password
[INFO ] 2024-02-17 11:00:01.445 [main] MyStoreV1 - Clicked on Login Button
[INFO ] 2024-02-17 11:00:01.606 [main] MyStoreV1 - Clicked on menu button
[INFO ] 2024-02-17 11:00:01.808 [main] MyStoreV1 - Clicked on Logout Button
[INFO ] 2024-02-17 11:00:01.948 [main] MyStoreV1 - Entered Username
[INFO ] 2024-02-17 11:00:02.064 [main] MyStoreV1 - Entered Password
[INFO ] 2024-02-17 11:00:02.191 [main] MyStoreV1 - Clicked on Login Button
[INFO ] 2024-02-17 11:00:02.293 [main] MyStoreV1 - Clicked on menu button
[INFO ] 2024-02-17 11:00:02.448 [main] MyStoreV1 - Clicked on Logout Button
[INFO ] 2024-02-17 11:00:11.997 [main] MyStoreV1 - YouTube url opened
[INFO ] 2024-02-17 11:00:22.523 [main] MyStoreV1 - Entered songname
[INFO ] 2024-02-17 11:00:22.750 [main] MyStoreV1 - Clicked on search button
[INFO ] 2024-02-17 11:00:24.541 [main] MyStoreV1 - clicked on song
[INFO ] 2024-02-17 11:00:34.565 [main] MyStoreV1 - Youtube method passed.
[INFO ] 2024-02-17 11:00:58.314 [main] MyStoreV1 - url opened
[INFO ] 2024-02-17 11:00:59.964 [main] MyStoreV1 - Entered Username
[INFO ] 2024-02-17 11:01:00.082 [main] MyStoreV1 - Entered Password
[INFO ] 2024-02-17 11:01:00.287 [main] MyStoreV1 - Clicked on Login Button
[INFO ] 2024-02-17 11:01:00.430 [main] MyStoreV1 - Clicked on menu button
[INFO ] 2024-02-17 11:01:00.672 [main] MyStoreV1 - Clicked on Logout Button
[INFO ] 2024-02-17 11:01:00.816 [main] MyStoreV1 - Entered Username
[INFO ] 2024-02-17 11:01:00.928 [main] MyStoreV1 - Entered Password
[INFO ] 2024-02-17 11:01:01.046 [main] MyStoreV1 - Clicked on Login Button
[INFO ] 2024-02-17 11:01:01.146 [main] MyStoreV1 - Clicked on menu button
[INFO ] 2024-02-17 11:01:01.307 [main] MyStoreV1 - Clicked on Logout Button
[INFO ] 2024-02-17 11:01:11.674 [main] MyStoreV1 - YouTube url opened
[INFO ] 2024-02-17 11:01:12.556 [main] MyStoreV1 - Entered songname
[INFO ] 2024-02-17 11:01:12.782 [main] MyStoreV1 - Clicked on search button
[INFO ] 2024-02-17 11:01:15.027 [main] MyStoreV1 - clicked on song
[INFO ] 2024-02-17 11:01:25.044 [main] MyStoreV1 - Youtube method passed.
[INFO ] 2024-02-17 11:02:35.958 [main] MyStoreV1 - url opened
[INFO ] 2024-02-17 11:02:37.610 [main] MyStoreV1 - Entered Username
[INFO ] 2024-02-17 11:02:37.770 [main] MyStoreV1 - Entered Password
[INFO ] 2024-02-17 11:02:38.005 [main] MyStoreV1 - Clicked on Login Button
[INFO ] 2024-02-17 11:02:38.160 [main] MyStoreV1 - Clicked on menu button
[INFO ] 2024-02-17 11:02:38.360 [main] MyStoreV1 - Clicked on Logout Button
[INFO ] 2024-02-17 11:02:38.549 [main] MyStoreV1 - Entered Username
[INFO ] 2024-02-17 11:02:38.706 [main] MyStoreV1 - Entered Password
[INFO ] 2024-02-17 11:02:38.864 [main] MyStoreV1 - Clicked on Login Button
[INFO ] 2024-02-17 11:02:38.979 [main] MyStoreV1 - Clicked on menu button
[INFO ] 2024-02-17 11:02:39.158 [main] MyStoreV1 - Clicked on Logout Button
[INFO ] 2024-02-17 11:02:48.703 [main] MyStoreV1 - YouTube url opened
[INFO ] 2024-02-17 11:02:50.970 [main] MyStoreV1 - Entered songname
[INFO ] 2024-02-17 11:02:51.236 [main] MyStoreV1 - Clicked on search button
[INFO ] 2024-02-17 11:02:53.573 [main] MyStoreV1 - clicked on song
[INFO ] 2024-02-17 11:02:53.638 [main] MyStoreV1 - Youtube method failed.
[INFO ] 2024-02-17 11:10:24.631 [main] MyStoreV1 - url opened
[INFO ] 2024-02-17 11:10:26.340 [main] MyStoreV1 - Entered Username
[INFO ] 2024-02-17 11:10:26.450 [main] MyStoreV1 - Entered Password
[INFO ] 2024-02-17 11:10:26.661 [main] MyStoreV1 - Clicked on Login Button
[INFO ] 2024-02-17 11:10:26.825 [main] MyStoreV1 - Clicked on menu button
[INFO ] 2024-02-17 11:10:26.989 [main] MyStoreV1 - Clicked on Logout Button
[INFO ] 2024-02-17 11:10:27.129 [main] MyStoreV1 - Entered Username
[INFO ] 2024-02-17 11:10:27.242 [main] MyStoreV1 - Entered Password
[INFO ] 2024-02-17 11:10:27.362 [main] MyStoreV1 - Clicked on Login Button
[INFO ] 2024-02-17 11:10:27.461 [main] MyStoreV1 - Clicked on menu button
[INFO ] 2024-02-17 11:10:27.564 [main] MyStoreV1 - Clicked on Logout Button
[INFO ] 2024-02-17 11:10:35.551 [main] MyStoreV1 - YouTube url opened
[INFO ] 2024-02-17 11:10:37.498 [main] MyStoreV1 - Entered songname
[INFO ] 2024-02-17 11:10:37.750 [main] MyStoreV1 - Clicked on search button
[INFO ] 2024-02-17 11:10:39.899 [main] MyStoreV1 - clicked on song
[INFO ] 2024-02-17 11:10:41.532 [main] MyStoreV1 - Youtube method passed.
[INFO ] 2024-02-17 11:12:07.085 [main] MyStoreV1 - url opened
[INFO ] 2024-02-17 11:12:08.638 [main] MyStoreV1 - Entered Username
[INFO ] 2024-02-17 11:12:08.791 [main] MyStoreV1 - Entered Password
[INFO ] 2024-02-17 11:12:09.081 [main] MyStoreV1 - Clicked on Login Button
[INFO ] 2024-02-17 11:12:09.212 [main] MyStoreV1 - Clicked on menu button
[INFO ] 2024-02-17 11:12:09.380 [main] MyStoreV1 - Clicked on Logout Button
[INFO ] 2024-02-17 11:12:09.549 [main] MyStoreV1 - Entered Username
[INFO ] 2024-02-17 11:12:09.691 [main] MyStoreV1 - Entered Password
[INFO ] 2024-02-17 11:12:09.830 [main] MyStoreV1 - Clicked on Login Button
[INFO ] 2024-02-17 11:12:09.946 [main] MyStoreV1 - Clicked on menu button
[INFO ] 2024-02-17 11:12:10.109 [main] MyStoreV1 - Clicked on Logout Button
[INFO ] 2024-02-17 11:12:17.809 [main] MyStoreV1 - YouTube url opened
[INFO ] 2024-02-17 11:12:19.699 [main] MyStoreV1 - Entered songname
[INFO ] 2024-02-17 11:12:19.932 [main] MyStoreV1 - Clicked on search button
[INFO ] 2024-02-17 11:12:22.298 [main] MyStoreV1 - clicked on song
[INFO ] 2024-02-17 11:12:23.826 [main] MyStoreV1 - Youtube method passed.
[INFO ] 2024-02-17 11:13:06.426 [main] MyStoreV1 - url opened
[INFO ] 2024-02-17 11:13:08.048 [main] MyStoreV1 - Entered Username
[INFO ] 2024-02-17 11:13:08.160 [main] MyStoreV1 - Entered Password
[INFO ] 2024-02-17 11:13:08.374 [main] MyStoreV1 - Clicked on Login Button
[INFO ] 2024-02-17 11:13:08.523 [main] MyStoreV1 - Clicked on menu button
[INFO ] 2024-02-17 11:13:08.690 [main] MyStoreV1 - Clicked on Logout Button
[INFO ] 2024-02-17 11:13:08.847 [main] MyStoreV1 - Entered Username
[INFO ] 2024-02-17 11:13:08.957 [main] MyStoreV1 - Entered Password
[INFO ] 2024-02-17 11:13:09.075 [main] MyStoreV1 - Clicked on Login Button
[INFO ] 2024-02-17 11:13:09.194 [main] MyStoreV1 - Clicked on menu button
[INFO ] 2024-02-17 11:13:09.294 [main] MyStoreV1 - Clicked on Logout Button
[INFO ] 2024-02-17 11:13:17.051 [main] MyStoreV1 - YouTube url opened
[INFO ] 2024-02-17 11:13:18.830 [main] MyStoreV1 - Entered songname
[INFO ] 2024-02-17 11:13:19.294 [main] MyStoreV1 - Clicked on search button
[INFO ] 2024-02-17 11:13:21.796 [main] MyStoreV1 - clicked on song
[INFO ] 2024-02-17 11:13:23.337 [main] MyStoreV1 - Youtube method passed.
